To honour the JVM settings for this build a single-use Daemon process will be forked. For more on this, please refer to https://docs.gradle.org/8.14/userguide/gradle_daemon.html#sec:disabling_the_daemon in the Gradle documentation.
Daemon will be stopped at the end of the build 
> Task :apps:user-app:clean
> Task :independent:outbox:clean
> Task :domains:common:application:clean
> Task :domains:common:domain:clean
> Task :domains:common:infrastructure:clean
> Task :domains:common:presentation:clean
> Task :domains:user:application:clean
> Task :domains:user:domain:clean
> Task :domains:user:presentation:clean
> Task :domains:user:infrastructure:messaging:clean
> Task :domains:user:infrastructure:persistence:clean
> Task :apps:user-app:checkKotlinGradlePluginConfigurationErrors SKIPPED
> Task :independent:outbox:checkKotlinGradlePluginConfigurationErrors SKIPPED
> Task :domains:common:application:checkKotlinGradlePluginConfigurationErrors SKIPPED
> Task :domains:common:domain:checkKotlinGradlePluginConfigurationErrors SKIPPED
> Task :domains:common:infrastructure:checkKotlinGradlePluginConfigurationErrors SKIPPED
> Task :domains:common:application:processResources NO-SOURCE
> Task :domains:common:domain:processResources NO-SOURCE
> Task :domains:common:infrastructure:processResources NO-SOURCE
> Task :domains:common:presentation:checkKotlinGradlePluginConfigurationErrors SKIPPED
> Task :domains:common:presentation:processResources NO-SOURCE
> Task :domains:user:application:processResources NO-SOURCE
> Task :domains:user:application:checkKotlinGradlePluginConfigurationErrors SKIPPED
> Task :domains:user:domain:checkKotlinGradlePluginConfigurationErrors SKIPPED
> Task :domains:user:presentation:checkKotlinGradlePluginConfigurationErrors SKIPPED
> Task :domains:user:presentation:processResources NO-SOURCE
> Task :domains:user:infrastructure:messaging:checkKotlinGradlePluginConfigurationErrors SKIPPED
> Task :independent:outbox:processResources
> Task :domains:user:domain:processResources NO-SOURCE
> Task :domains:user:infrastructure:messaging:processResources
> Task :domains:user:infrastructure:persistence:checkKotlinGradlePluginConfigurationErrors SKIPPED
> Task :domains:user:infrastructure:persistence:processResources NO-SOURCE
> Task :apps:user-app:processResources
> Task :apps:user-app:processTestResources NO-SOURCE
> Task :independent:outbox:processTestResources NO-SOURCE
> Task :domains:common:application:processTestResources NO-SOURCE
> Task :domains:common:domain:processTestResources NO-SOURCE
> Task :domains:common:infrastructure:processTestResources NO-SOURCE
> Task :domains:common:presentation:processTestResources NO-SOURCE
> Task :domains:user:application:processTestResources NO-SOURCE
> Task :domains:user:domain:processTestResources NO-SOURCE
> Task :domains:user:presentation:processTestResources NO-SOURCE
> Task :domains:user:infrastructure:messaging:processTestResources NO-SOURCE
> Task :domains:user:infrastructure:persistence:processTestResources NO-SOURCE
> Task :domains:common:domain:compileKotlin
> Task :domains:common:domain:compileJava NO-SOURCE
> Task :independent:outbox:compileKotlin
> Task :independent:outbox:compileJava NO-SOURCE
> Task :domains:common:domain:classes UP-TO-DATE
> Task :domains:common:domain:jar
> Task :independent:outbox:classes
> Task :independent:outbox:jar
> Task :independent:outbox:assemble
> Task :independent:outbox:compileTestKotlin NO-SOURCE
> Task :independent:outbox:compileTestJava NO-SOURCE
> Task :independent:outbox:testClasses UP-TO-DATE
> Task :independent:outbox:test NO-SOURCE
> Task :independent:outbox:check UP-TO-DATE
> Task :independent:outbox:build
> Task :domains:common:domain:assemble
> Task :domains:common:domain:compileTestKotlin NO-SOURCE
> Task :domains:common:domain:compileTestJava NO-SOURCE
> Task :domains:common:domain:testClasses UP-TO-DATE
> Task :domains:common:domain:test NO-SOURCE
> Task :domains:common:domain:check UP-TO-DATE
> Task :domains:common:domain:build

> Task :domains:common:application:compileKotlin
The LenientConfiguration.getArtifacts(Spec) method has been deprecated. This is scheduled to be removed in Gradle 9.0. Use a lenient ArtifactView with a componentFilter instead. Consult the upgrading guide for further information: https://docs.gradle.org/8.14/userguide/upgrading_version_8.html#deprecate_filtered_configuration_file_and_filecollection_methods
	at org.gradle.api.internal.artifacts.ivyservice.ShortCircuitingResolutionExecutor$EmptyLenientConfiguration.getArtifacts(ShortCircuitingResolutionExecutor.java:275)
	at io.spring.gradle.dependencymanagement.internal.maven.MavenPomResolver.resolvePomsLeniently(MavenPomResolver.java:81)
	at io.spring.gradle.dependencymanagement.internal.ExclusionResolver.resolveExclusions(ExclusionResolver.java:75)
	at io.spring.gradle.dependencymanagement.internal.ExclusionConfiguringAction.findExcludedDependencies(ExclusionConfiguringAction.java:118)
	at io.spring.gradle.dependencymanagement.internal.ExclusionConfiguringAction.applyMavenExclusions(ExclusionConfiguringAction.java:87)
	at io.spring.gradle.dependencymanagement.internal.ExclusionConfiguringAction.execute(ExclusionConfiguringAction.java:82)
	at io.spring.gradle.dependencymanagement.internal.ExclusionConfiguringAction.execute(ExclusionConfiguringAction.java:51)
	at org.gradle.internal.code.DefaultUserCodeApplicationContext$CurrentApplication$1.execute(DefaultUserCodeApplicationContext.java:124)
	at org.gradle.internal.event.BroadcastDispatch$ActionInvocationHandler.dispatch(BroadcastDispatch.java:99)
	at org.gradle.internal.event.BroadcastDispatch$ActionInvocationHandler.dispatch(BroadcastDispatch.java:87)
	at org.gradle.internal.event.AbstractBroadcastDispatch.dispatch(AbstractBroadcastDispatch.java:44)
	at org.gradle.internal.event.BroadcastDispatch$SingletonDispatch.dispatch(BroadcastDispatch.java:268)
	at org.gradle.internal.event.BroadcastDispatch$SingletonDispatch.dispatch(BroadcastDispatch.java:170)
	at org.gradle.internal.event.AbstractBroadcastDispatch.dispatch(AbstractBroadcastDispatch.java:84)
	at org.gradle.internal.event.AbstractBroadcastDispatch.dispatch(AbstractBroadcastDispatch.java:70)
	at org.gradle.internal.event.BroadcastDispatch$CompositeDispatch.dispatch(BroadcastDispatch.java:380)
	at org.gradle.internal.event.BroadcastDispatch$CompositeDispatch.dispatch(BroadcastDispatch.java:272)
	at org.gradle.internal.event.ListenerBroadcast.dispatch(ListenerBroadcast.java:160)
	at org.gradle.internal.event.ListenerBroadcast.dispatch(ListenerBroadcast.java:37)
	at org.gradle.internal.dispatch.ProxyDispatchAdapter$DispatchingInvocationHandler.invoke(ProxyDispatchAdapter.java:92)
	at jdk.proxy1/jdk.proxy1.$Proxy63.beforeResolve(Unknown Source)
	at org.gradle.api.internal.artifacts.configurations.DefaultConfiguration.runBeforeResolve(DefaultConfiguration.java:886)
	at org.gradle.api.internal.artifacts.configurations.DefaultConfiguration.access$1500(DefaultConfiguration.java:152)
	at org.gradle.api.internal.artifacts.configurations.DefaultConfiguration$1.call(DefaultConfiguration.java:766)
	at org.gradle.api.internal.artifacts.configurations.DefaultConfiguration$1.call(DefaultConfiguration.java:762)
	at org.gradle.internal.operations.DefaultBuildOperationRunner$CallableBuildOperationWorker.execute(DefaultBuildOperationRunner.java:210)
	at org.gradle.internal.operations.DefaultBuildOperationRunner$CallableBuildOperationWorker.execute(DefaultBuildOperationRunner.java:205)
	at org.gradle.internal.operations.DefaultBuildOperationRunner$2.execute(DefaultBuildOperationRunner.java:67)
	at org.gradle.internal.operations.DefaultBuildOperationRunner$2.execute(DefaultBuildOperationRunner.java:60)
	at org.gradle.internal.operations.DefaultBuildOperationRunner.execute(DefaultBuildOperationRunner.java:167)
	at org.gradle.internal.operations.DefaultBuildOperationRunner.execute(DefaultBuildOperationRunner.java:60)
	at org.gradle.internal.operations.DefaultBuildOperationRunner.call(DefaultBuildOperationRunner.java:54)
	at org.gradle.api.internal.artifacts.configurations.DefaultConfiguration.resolveGraphInBuildOperation(DefaultConfiguration.java:762)
	at org.gradle.api.internal.artifacts.configurations.DefaultConfiguration.lambda$resolveExclusivelyIfRequired$5(DefaultConfiguration.java:754)
	at org.gradle.api.internal.project.DefaultProjectStateRegistry$CalculatedModelValueImpl.update(DefaultProjectStateRegistry.java:533)
	at org.gradle.api.internal.artifacts.configurations.DefaultConfiguration.resolveExclusivelyIfRequired(DefaultConfiguration.java:749)
	at org.gradle.api.internal.artifacts.configurations.DefaultConfiguration.resolveGraphIfRequired(DefaultConfiguration.java:742)
	at org.gradle.api.internal.artifacts.configurations.DefaultConfiguration.access$1400(DefaultConfiguration.java:152)
	at org.gradle.api.internal.artifacts.configurations.DefaultConfiguration$ResolverResultsResolutionResultProvider.getValue(DefaultConfiguration.java:715)
	at org.gradle.api.internal.artifacts.configurations.DefaultConfiguration$ResolverResultsResolutionResultProvider.getValue(DefaultConfiguration.java:701)
	at org.gradle.api.internal.artifacts.configurations.ResolutionResultProvider$1.getValue(ResolutionResultProvider.java:54)
	at org.gradle.api.internal.artifacts.configurations.ResolutionResultProviderBackedSelectedArtifactSet.visitArtifacts(ResolutionResultProviderBackedSelectedArtifactSet.java:50)
	at org.gradle.api.internal.artifacts.ivyservice.resolveengine.artifact.SelectedArtifactSet.visitFiles(SelectedArtifactSet.java:34)
	at org.gradle.api.internal.artifacts.configurations.ResolutionBackedFileCollection.visitContents(ResolutionBackedFileCollection.java:75)
	at org.gradle.api.internal.file.AbstractFileCollection.visitStructure(AbstractFileCollection.java:361)
	at org.gradle.api.internal.artifacts.configurations.DefaultConfiguration.visitContents(DefaultConfiguration.java:542)
	at org.gradle.api.internal.file.AbstractFileCollection.visitStructure(AbstractFileCollection.java:361)
	at org.gradle.api.internal.file.CompositeFileCollection.lambda$visitContents$0(CompositeFileCollection.java:112)
	at org.gradle.api.internal.file.collections.UnpackingVisitor.add(UnpackingVisitor.java:66)
	at org.gradle.api.internal.file.collections.DefaultConfigurableFileCollection$UnresolvedItemsCollector.visitContents(DefaultConfigurableFileCollection.java:635)
	at org.gradle.api.internal.file.collections.DefaultConfigurableFileCollection.visitChildren(DefaultConfigurableFileCollection.java:448)
	at org.gradle.api.internal.file.CompositeFileCollection.visitContents(CompositeFileCollection.java:112)
	at org.gradle.api.internal.file.AbstractFileCollection.getFiles(AbstractFileCollection.java:124)
	at org.gradle.api.internal.file.AbstractFileCollection.iterator(AbstractFileCollection.java:165)
	at org.jetbrains.kotlin.gradle.tasks.KotlinCompile$scriptExtensions$1.invoke(KotlinCompile.kt:512)
	at org.jetbrains.kotlin.gradle.tasks.KotlinCompile$scriptExtensions$1.invoke(KotlinCompile.kt:160)
	at org.jetbrains.kotlin.gradle.utils.ProviderApiUtilsKt$providerWithLazyConvention$1.transform(providerApiUtils.kt:75)
	at org.jetbrains.kotlin.gradle.utils.ProviderApiUtilsKt$providerWithLazyConvention$1.transform(providerApiUtils.kt:75)
	at org.gradle.api.internal.provider.ValueSupplier$Present.transform(ValueSupplier.java:519)
	at org.gradle.api.internal.provider.TransformBackedProvider.mapValue(TransformBackedProvider.java:92)
	at org.gradle.api.internal.provider.TransformBackedProvider.calculateOwnValue(TransformBackedProvider.java:83)
	at org.gradle.api.internal.provider.AbstractMinimalProvider.calculateValue(AbstractMinimalProvider.java:117)
	at org.gradle.api.internal.provider.Collectors$ElementsFromCollectionProvider.collectEntries(Collectors.java:243)
	at org.gradle.api.internal.provider.AbstractCollectionProperty$CollectingSupplier.lambda$calculateOwnValue$0(AbstractCollectionProperty.java:502)
	at org.gradle.api.internal.provider.AbstractCollectingSupplier.calculateValue(AbstractCollectingSupplier.java:87)
	at org.gradle.api.internal.provider.AbstractCollectionProperty$CollectingSupplier.calculateOwnValue(AbstractCollectionProperty.java:501)
	at org.gradle.api.internal.provider.AbstractMinimalProvider.calculateValue(AbstractMinimalProvider.java:117)
	at org.gradle.api.internal.provider.AbstractCollectingSupplier.calculateValue(AbstractCollectingSupplier.java:41)
	at org.gradle.api.internal.provider.AbstractCollectionProperty.finalValue(AbstractCollectionProperty.java:315)
	at org.gradle.api.internal.provider.AbstractCollectionProperty.finalValue(AbstractCollectionProperty.java:79)
	at org.gradle.api.internal.provider.AbstractProperty.finalizeNow(AbstractProperty.java:308)
	at org.gradle.api.internal.provider.AbstractProperty.lambda$beforeRead$0(AbstractProperty.java:303)
	at org.gradle.api.internal.provider.ValueState.finalizeOnReadIfNeeded(ValueState.java:140)
	at org.gradle.api.internal.provider.AbstractProperty.beforeRead(AbstractProperty.java:303)
	at org.gradle.api.internal.provider.AbstractProperty.beforeRead(AbstractProperty.java:295)
	at org.gradle.api.internal.provider.AbstractProperty.calculateOwnValue(AbstractProperty.java:164)
	at org.gradle.api.internal.provider.AbstractMinimalProvider.calculateOwnPresentValue(AbstractMinimalProvider.java:82)
	at org.gradle.api.internal.provider.AbstractMinimalProvider.get(AbstractMinimalProvider.java:102)
	at org.jetbrains.kotlin.gradle.tasks.KotlinCompile$ScriptFilterSpec.isSatisfiedBy(KotlinCompile.kt:172)
	at org.jetbrains.kotlin.gradle.tasks.KotlinCompile$ScriptFilterSpec.isSatisfiedBy(KotlinCompile.kt:168)
	at org.gradle.api.specs.AndSpec.findUnsatisfiedSpec(AndSpec.java:67)
	at org.gradle.api.specs.AndSpec.isSatisfiedBy(AndSpec.java:51)
	at org.gradle.internal.fingerprint.impl.PatternSetSnapshottingFilter.lambda$getAsDirectoryWalkerPredicate$1(PatternSetSnapshottingFilter.java:66)
	at org.gradle.internal.snapshot.impl.DirectorySnapshotter$PathVisitor.shouldVisit(DirectorySnapshotter.java:507)
	at org.gradle.internal.snapshot.impl.DirectorySnapshotter$PathVisitor.shouldVisitDirectory(DirectorySnapshotter.java:421)
	at org.gradle.internal.snapshot.impl.DirectorySnapshotter$PathVisitor.doPreVisitDirectory(DirectorySnapshotter.java:303)
	at org.gradle.internal.snapshot.impl.DirectorySnapshotterStatistics$CollectingFileVisitor.preVisitDirectory(DirectorySnapshotterStatistics.java:121)
	at org.gradle.internal.snapshot.impl.DirectorySnapshotterStatistics$CollectingFileVisitor.preVisitDirectory(DirectorySnapshotterStatistics.java:110)
	at java.base/java.nio.file.Files.walkFileTree(Files.java:2805)
	at org.gradle.internal.snapshot.impl.DirectorySnapshotter.snapshot(DirectorySnapshotter.java:126)
	at org.gradle.internal.vfs.impl.DefaultFileSystemAccess.lambda$snapshotAndReuse$11(DefaultFileSystemAccess.java:196)
	at org.gradle.internal.vfs.impl.AbstractVirtualFileSystem.storeWithAction(AbstractVirtualFileSystem.java:91)
	at org.gradle.internal.vfs.impl.DefaultFileSystemAccess.snapshotAndReuse(DefaultFileSystemAccess.java:181)
	at org.gradle.internal.vfs.impl.DefaultFileSystemAccess.snapshot(DefaultFileSystemAccess.java:173)
	at org.gradle.internal.vfs.impl.DefaultFileSystemAccess.lambda$read$8(DefaultFileSystemAccess.java:139)
	at java.base/java.util.Optional.orElseGet(Optional.java:364)
	at org.gradle.internal.vfs.impl.DefaultFileSystemAccess.lambda$readSnapshotFromLocation$9(DefaultFileSystemAccess.java:155)
	at org.gradle.internal.vfs.impl.DefaultFileSystemAccess$StripedProducerGuard.guardByKey(DefaultFileSystemAccess.java:253)
	at org.gradle.internal.vfs.impl.DefaultFileSystemAccess.lambda$readSnapshotFromLocation$10(DefaultFileSystemAccess.java:152)
	at java.base/java.util.Optional.orElseGet(Optional.java:364)
	at org.gradle.internal.vfs.impl.DefaultFileSystemAccess.readSnapshotFromLocation(DefaultFileSystemAccess.java:152)
	at org.gradle.internal.vfs.impl.DefaultFileSystemAccess.read(DefaultFileSystemAccess.java:137)
	at org.gradle.internal.fingerprint.impl.DefaultFileCollectionSnapshotter$SnapshottingVisitor.visitFileTree(DefaultFileCollectionSnapshotter.java:76)
	at org.gradle.api.internal.file.collections.FileTreeAdapter$1.visitFileTree(FileTreeAdapter.java:125)
	at org.gradle.api.internal.file.collections.DirectoryFileTree.visitStructure(DirectoryFileTree.java:109)
	at org.gradle.api.internal.file.collections.FileTreeAdapter.visitContents(FileTreeAdapter.java:121)
	at org.gradle.api.internal.file.AbstractFileCollection.visitStructure(AbstractFileCollection.java:361)
	at org.gradle.api.internal.file.CompositeFileCollection.lambda$visitContents$0(CompositeFileCollection.java:112)
	at org.gradle.api.internal.file.FilteredFileTree.lambda$visitChildren$0(FilteredFileTree.java:67)
	at org.gradle.api.internal.file.FileCollectionBackedFileTree$1.visitFileTree(FileCollectionBackedFileTree.java:82)
	at org.gradle.api.internal.file.FileCollectionBackedFileTree$2.visitFileTree(FileCollectionBackedFileTree.java:109)
	at org.gradle.api.internal.file.collections.FileTreeAdapter$1.visitFileTree(FileTreeAdapter.java:125)
	at org.gradle.api.internal.file.collections.DirectoryFileTree.visitStructure(DirectoryFileTree.java:109)
	at org.gradle.api.internal.file.collections.FileTreeAdapter.visitContents(FileTreeAdapter.java:121)
	at org.gradle.api.internal.file.AbstractFileCollection.visitStructure(AbstractFileCollection.java:361)
	at org.gradle.api.internal.file.CompositeFileCollection.lambda$visitContents$0(CompositeFileCollection.java:112)
	at org.gradle.api.internal.file.DefaultSourceDirectorySet.visitChildren(DefaultSourceDirectorySet.java:282)
	at org.gradle.api.internal.file.CompositeFileCollection.visitContents(CompositeFileCollection.java:112)
	at org.gradle.api.internal.file.AbstractFileCollection.visitStructure(AbstractFileCollection.java:361)
	at org.gradle.api.internal.file.CompositeFileCollection.lambda$visitContents$0(CompositeFileCollection.java:112)
	at org.gradle.api.internal.file.collections.UnpackingVisitor.add(UnpackingVisitor.java:66)
	at org.gradle.api.internal.file.collections.UnpackingVisitor.add(UnpackingVisitor.java:91)
	at org.gradle.api.internal.file.collections.DefaultConfigurableFileCollection$UnresolvedItemsCollector.visitContents(DefaultConfigurableFileCollection.java:635)
	at org.gradle.api.internal.file.collections.DefaultConfigurableFileCollection.visitChildren(DefaultConfigurableFileCollection.java:448)
	at org.gradle.api.internal.file.CompositeFileCollection.visitContents(CompositeFileCollection.java:112)
	at org.gradle.api.internal.file.AbstractFileCollection.visitStructure(AbstractFileCollection.java:361)
	at org.gradle.api.internal.file.FileCollectionBackedFileTree.visitContents(FileCollectionBackedFileTree.java:94)
	at org.gradle.api.internal.file.FileCollectionBackedFileTree.visitContentsAsFileTrees(FileCollectionBackedFileTree.java:74)
	at org.gradle.api.internal.file.FilteredFileTree.visitChildren(FilteredFileTree.java:67)
	at org.gradle.api.internal.file.CompositeFileCollection.visitContents(CompositeFileCollection.java:112)
	at org.gradle.api.internal.file.AbstractFileCollection.visitStructure(AbstractFileCollection.java:361)
	at org.gradle.api.internal.file.CompositeFileCollection.lambda$visitContents$0(CompositeFileCollection.java:112)
	at org.gradle.api.internal.file.collections.UnpackingVisitor.add(UnpackingVisitor.java:66)
	at org.gradle.api.internal.file.collections.UnpackingVisitor.add(UnpackingVisitor.java:91)
	at org.gradle.api.internal.file.DefaultFileCollectionFactory$ResolvingFileCollection.visitChildren(DefaultFileCollectionFactory.java:306)
	at org.gradle.api.internal.file.CompositeFileCollection.visitContents(CompositeFileCollection.java:112)
	at org.gradle.api.internal.file.AbstractFileCollection.visitStructure(AbstractFileCollection.java:361)
	at org.gradle.api.internal.file.CompositeFileCollection.lambda$visitContents$0(CompositeFileCollection.java:112)
	at org.gradle.api.internal.tasks.PropertyFileCollection.visitChildren(PropertyFileCollection.java:48)
	at org.gradle.api.internal.file.CompositeFileCollection.visitContents(CompositeFileCollection.java:112)
	at org.gradle.api.internal.file.AbstractFileCollection.visitStructure(AbstractFileCollection.java:361)
	at org.gradle.internal.fingerprint.impl.DefaultFileCollectionSnapshotter.snapshot(DefaultFileCollectionSnapshotter.java:47)
	at org.gradle.internal.execution.impl.DefaultInputFingerprinter$InputCollectingVisitor.visitInputFileProperty(DefaultInputFingerprinter.java:133)
	at org.gradle.internal.execution.steps.AbstractSkipEmptyWorkStep$1.visitInputFileProperty(AbstractSkipEmptyWorkStep.java:104)
	at org.gradle.api.internal.tasks.execution.TaskExecution.visitRegularInputs(TaskExecution.java:324)
	at org.gradle.internal.execution.steps.AbstractSkipEmptyWorkStep.lambda$fingerprintPrimaryInputs$2(AbstractSkipEmptyWorkStep.java:100)
	at org.gradle.internal.execution.impl.DefaultInputFingerprinter.fingerprintInputProperties(DefaultInputFingerprinter.java:63)
	at org.gradle.internal.execution.steps.AbstractSkipEmptyWorkStep.fingerprintPrimaryInputs(AbstractSkipEmptyWorkStep.java:95)
	at org.gradle.internal.execution.steps.AbstractSkipEmptyWorkStep.execute(AbstractSkipEmptyWorkStep.java:52)
	at org.gradle.internal.execution.steps.AbstractSkipEmptyWorkStep.execute(AbstractSkipEmptyWorkStep.java:36)
	at org.gradle.internal.execution.steps.legacy.MarkSnapshottingInputsStartedStep.execute(MarkSnapshottingInputsStartedStep.java:38)
	at org.gradle.internal.execution.steps.LoadPreviousExecutionStateStep.execute(LoadPreviousExecutionStateStep.java:36)
	at org.gradle.internal.execution.steps.LoadPreviousExecutionStateStep.execute(LoadPreviousExecutionStateStep.java:23)
	at org.gradle.internal.execution.steps.HandleStaleOutputsStep.execute(HandleStaleOutputsStep.java:75)
	at org.gradle.internal.execution.steps.HandleStaleOutputsStep.execute(HandleStaleOutputsStep.java:41)
	at org.gradle.internal.execution.steps.AssignMutableWorkspaceStep.lambda$execute$0(AssignMutableWorkspaceStep.java:35)
	at org.gradle.api.internal.tasks.execution.TaskExecution$4.withWorkspace(TaskExecution.java:289)
	at org.gradle.internal.execution.steps.AssignMutableWorkspaceStep.execute(AssignMutableWorkspaceStep.java:31)
	at org.gradle.internal.execution.steps.AssignMutableWorkspaceStep.execute(AssignMutableWorkspaceStep.java:22)
	at org.gradle.internal.execution.steps.ChoosePipelineStep.execute(ChoosePipelineStep.java:40)
	at org.gradle.internal.execution.steps.ChoosePipelineStep.execute(ChoosePipelineStep.java:23)
	at org.gradle.internal.execution.steps.ExecuteWorkBuildOperationFiringStep.lambda$execute$2(ExecuteWorkBuildOperationFiringStep.java:67)
	at java.base/java.util.Optional.orElseGet(Optional.java:364)
	at org.gradle.internal.execution.steps.ExecuteWorkBuildOperationFiringStep.execute(ExecuteWorkBuildOperationFiringStep.java:67)
	at org.gradle.internal.execution.steps.ExecuteWorkBuildOperationFiringStep.execute(ExecuteWorkBuildOperationFiringStep.java:39)
	at org.gradle.internal.execution.steps.IdentityCacheStep.execute(IdentityCacheStep.java:46)
	at org.gradle.internal.execution.steps.IdentityCacheStep.execute(IdentityCacheStep.java:34)
	at org.gradle.internal.execution.steps.IdentifyStep.execute(IdentifyStep.java:48)
	at org.gradle.internal.execution.steps.IdentifyStep.execute(IdentifyStep.java:35)
	at org.gradle.internal.execution.impl.DefaultExecutionEngine$1.execute(DefaultExecutionEngine.java:64)
	at org.gradle.api.internal.tasks.execution.ExecuteActionsTaskExecuter.executeIfValid(ExecuteActionsTaskExecuter.java:127)
	at org.gradle.api.internal.tasks.execution.ExecuteActionsTaskExecuter.execute(ExecuteActionsTaskExecuter.java:116)
	at org.gradle.api.internal.tasks.execution.ProblemsTaskPathTrackingTaskExecuter.execute(ProblemsTaskPathTrackingTaskExecuter.java:41)
	at org.gradle.api.internal.tasks.execution.FinalizePropertiesTaskExecuter.execute(FinalizePropertiesTaskExecuter.java:46)
	at org.gradle.api.internal.tasks.execution.ResolveTaskExecutionModeExecuter.execute(ResolveTaskExecutionModeExecuter.java:51)
	at org.gradle.api.internal.tasks.execution.SkipTaskWithNoActionsExecuter.execute(SkipTaskWithNoActionsExecuter.java:57)
	at org.gradle.api.internal.tasks.execution.SkipOnlyIfTaskExecuter.execute(SkipOnlyIfTaskExecuter.java:74)
	at org.gradle.api.internal.tasks.execution.CatchExceptionTaskExecuter.execute(CatchExceptionTaskExecuter.java:36)
	at org.gradle.api.internal.tasks.execution.EventFiringTaskExecuter$1.executeTask(EventFiringTaskExecuter.java:77)
	at org.gradle.api.internal.tasks.execution.EventFiringTaskExecuter$1.call(EventFiringTaskExecuter.java:55)
	at org.gradle.api.internal.tasks.execution.EventFiringTaskExecuter$1.call(EventFiringTaskExecuter.java:52)
	at org.gradle.internal.operations.DefaultBuildOperationRunner$CallableBuildOperationWorker.execute(DefaultBuildOperationRunner.java:210)
	at org.gradle.internal.operations.DefaultBuildOperationRunner$CallableBuildOperationWorker.execute(DefaultBuildOperationRunner.java:205)
	at org.gradle.internal.operations.DefaultBuildOperationRunner$2.execute(DefaultBuildOperationRunner.java:67)
	at org.gradle.internal.operations.DefaultBuildOperationRunner$2.execute(DefaultBuildOperationRunner.java:60)
	at org.gradle.internal.operations.DefaultBuildOperationRunner.execute(DefaultBuildOperationRunner.java:167)
	at org.gradle.internal.operations.DefaultBuildOperationRunner.execute(DefaultBuildOperationRunner.java:60)
	at org.gradle.internal.operations.DefaultBuildOperationRunner.call(DefaultBuildOperationRunner.java:54)
	at org.gradle.api.internal.tasks.execution.EventFiringTaskExecuter.execute(EventFiringTaskExecuter.java:52)
	at org.gradle.execution.plan.LocalTaskNodeExecutor.execute(LocalTaskNodeExecutor.java:42)
	at org.gradle.execution.taskgraph.DefaultTaskExecutionGraph$InvokeNodeExecutorsAction.execute(DefaultTaskExecutionGraph.java:331)
	at org.gradle.execution.taskgraph.DefaultTaskExecutionGraph$InvokeNodeExecutorsAction.execute(DefaultTaskExecutionGraph.java:318)
	at org.gradle.execution.taskgraph.DefaultTaskExecutionGraph$BuildOperationAwareExecutionAction.lambda$execute$0(DefaultTaskExecutionGraph.java:314)
	at org.gradle.internal.operations.CurrentBuildOperationRef.with(CurrentBuildOperationRef.java:85)
	at org.gradle.execution.taskgraph.DefaultTaskExecutionGraph$BuildOperationAwareExecutionAction.execute(DefaultTaskExecutionGraph.java:314)
	at org.gradle.execution.taskgraph.DefaultTaskExecutionGraph$BuildOperationAwareExecutionAction.execute(DefaultTaskExecutionGraph.java:303)
	at org.gradle.execution.plan.DefaultPlanExecutor$ExecutorWorker.execute(DefaultPlanExecutor.java:459)
	at org.gradle.execution.plan.DefaultPlanExecutor$ExecutorWorker.run(DefaultPlanExecutor.java:376)
	at org.gradle.internal.concurrent.ExecutorPolicy$CatchAndRecordFailures.onExecute(ExecutorPolicy.java:64)
	at org.gradle.internal.concurrent.AbstractManagedExecutor$1.run(AbstractManagedExecutor.java:48)
	at java.base/java.util.concurrent.ThreadPoolExecutor.runWorker(ThreadPoolExecutor.java:1144)
	at java.base/java.util.concurrent.ThreadPoolExecutor$Worker.run(ThreadPoolExecutor.java:642)
	at java.base/java.lang.Thread.run(Thread.java:1583)
The LenientConfiguration.getArtifacts(Spec) method has been deprecated. This is scheduled to be removed in Gradle 9.0. Use a lenient ArtifactView with a componentFilter instead. Consult the upgrading guide for further information: https://docs.gradle.org/8.14/userguide/upgrading_version_8.html#deprecate_filtered_configuration_file_and_filecollection_methods
	at org.gradle.api.internal.artifacts.ivyservice.DefaultLenientConfiguration.getArtifacts(DefaultLenientConfiguration.java:233)
	at io.spring.gradle.dependencymanagement.internal.maven.MavenPomResolver.resolvePomsLeniently(MavenPomResolver.java:81)
	at io.spring.gradle.dependencymanagement.internal.ExclusionResolver.resolveExclusions(ExclusionResolver.java:75)
	at io.spring.gradle.dependencymanagement.internal.ExclusionConfiguringAction.findExcludedDependencies(ExclusionConfiguringAction.java:118)
	at io.spring.gradle.dependencymanagement.internal.ExclusionConfiguringAction.applyMavenExclusions(ExclusionConfiguringAction.java:87)
	at io.spring.gradle.dependencymanagement.internal.ExclusionConfiguringAction.execute(ExclusionConfiguringAction.java:82)
	at io.spring.gradle.dependencymanagement.internal.ExclusionConfiguringAction.execute(ExclusionConfiguringAction.java:51)
	at org.gradle.internal.code.DefaultUserCodeApplicationContext$CurrentApplication$1.execute(DefaultUserCodeApplicationContext.java:124)
	at org.gradle.internal.event.BroadcastDispatch$ActionInvocationHandler.dispatch(BroadcastDispatch.java:99)
	at org.gradle.internal.event.BroadcastDispatch$ActionInvocationHandler.dispatch(BroadcastDispatch.java:87)
	at org.gradle.internal.event.AbstractBroadcastDispatch.dispatch(AbstractBroadcastDispatch.java:44)
	at org.gradle.internal.event.BroadcastDispatch$SingletonDispatch.dispatch(BroadcastDispatch.java:268)
	at org.gradle.internal.event.BroadcastDispatch$SingletonDispatch.dispatch(BroadcastDispatch.java:170)
	at org.gradle.internal.event.AbstractBroadcastDispatch.dispatch(AbstractBroadcastDispatch.java:84)
	at org.gradle.internal.event.AbstractBroadcastDispatch.dispatch(AbstractBroadcastDispatch.java:70)
	at org.gradle.internal.event.BroadcastDispatch$CompositeDispatch.dispatch(BroadcastDispatch.java:380)
	at org.gradle.internal.event.BroadcastDispatch$CompositeDispatch.dispatch(BroadcastDispatch.java:272)
	at org.gradle.internal.event.ListenerBroadcast.dispatch(ListenerBroadcast.java:160)
	at org.gradle.internal.event.ListenerBroadcast.dispatch(ListenerBroadcast.java:37)
	at org.gradle.internal.dispatch.ProxyDispatchAdapter$DispatchingInvocationHandler.invoke(ProxyDispatchAdapter.java:92)
	at jdk.proxy1/jdk.proxy1.$Proxy63.beforeResolve(Unknown Source)
	at org.gradle.api.internal.artifacts.configurations.DefaultConfiguration.runBeforeResolve(DefaultConfiguration.java:886)
	at org.gradle.api.internal.artifacts.configurations.DefaultConfiguration.access$1500(DefaultConfiguration.java:152)
	at org.gradle.api.internal.artifacts.configurations.DefaultConfiguration$1.call(DefaultConfiguration.java:766)
	at org.gradle.api.internal.artifacts.configurations.DefaultConfiguration$1.call(DefaultConfiguration.java:762)
	at org.gradle.internal.operations.DefaultBuildOperationRunner$CallableBuildOperationWorker.execute(DefaultBuildOperationRunner.java:210)
	at org.gradle.internal.operations.DefaultBuildOperationRunner$CallableBuildOperationWorker.execute(DefaultBuildOperationRunner.java:205)
	at org.gradle.internal.operations.DefaultBuildOperationRunner$2.execute(DefaultBuildOperationRunner.java:67)
	at org.gradle.internal.operations.DefaultBuildOperationRunner$2.execute(DefaultBuildOperationRunner.java:60)
	at org.gradle.internal.operations.DefaultBuildOperationRunner.execute(DefaultBuildOperationRunner.java:167)
	at org.gradle.internal.operations.DefaultBuildOperationRunner.execute(DefaultBuildOperationRunner.java:60)
	at org.gradle.internal.operations.DefaultBuildOperationRunner.call(DefaultBuildOperationRunner.java:54)
	at org.gradle.api.internal.artifacts.configurations.DefaultConfiguration.resolveGraphInBuildOperation(DefaultConfiguration.java:762)
	at org.gradle.api.internal.artifacts.configurations.DefaultConfiguration.lambda$resolveExclusivelyIfRequired$5(DefaultConfiguration.java:754)
	at org.gradle.api.internal.project.DefaultProjectStateRegistry$CalculatedModelValueImpl.update(DefaultProjectStateRegistry.java:533)
	at org.gradle.api.internal.artifacts.configurations.DefaultConfiguration.resolveExclusivelyIfRequired(DefaultConfiguration.java:749)
	at org.gradle.api.internal.artifacts.configurations.DefaultConfiguration.resolveGraphIfRequired(DefaultConfiguration.java:742)
	at org.gradle.api.internal.artifacts.configurations.DefaultConfiguration.access$1400(DefaultConfiguration.java:152)
	at org.gradle.api.internal.artifacts.configurations.DefaultConfiguration$ResolverResultsResolutionResultProvider.getValue(DefaultConfiguration.java:715)
	at org.gradle.api.internal.artifacts.configurations.DefaultConfiguration$ResolverResultsResolutionResultProvider.getValue(DefaultConfiguration.java:701)
	at org.gradle.api.internal.artifacts.configurations.ResolutionResultProvider$1.getValue(ResolutionResultProvider.java:54)
	at org.gradle.api.internal.artifacts.configurations.ResolutionResultProviderBackedSelectedArtifactSet.visitArtifacts(ResolutionResultProviderBackedSelectedArtifactSet.java:50)
	at org.gradle.api.internal.artifacts.ivyservice.resolveengine.artifact.SelectedArtifactSet.visitFiles(SelectedArtifactSet.java:34)
	at org.gradle.api.internal.artifacts.configurations.ResolutionBackedFileCollection.visitContents(ResolutionBackedFileCollection.java:75)
	at org.gradle.api.internal.file.AbstractFileCollection.visitStructure(AbstractFileCollection.java:361)
	at org.gradle.api.internal.artifacts.configurations.DefaultConfiguration.visitContents(DefaultConfiguration.java:542)
	at org.gradle.api.internal.file.AbstractFileCollection.visitStructure(AbstractFileCollection.java:361)
	at org.gradle.api.internal.file.CompositeFileCollection.lambda$visitContents$0(CompositeFileCollection.java:112)
	at org.gradle.api.internal.file.collections.UnpackingVisitor.add(UnpackingVisitor.java:66)
	at org.gradle.api.internal.file.collections.UnpackingVisitor.add(UnpackingVisitor.java:91)
	at org.gradle.api.internal.file.collections.DefaultConfigurableFileCollection$UnresolvedItemsCollector.visitContents(DefaultConfigurableFileCollection.java:635)
	at org.gradle.api.internal.file.collections.DefaultConfigurableFileCollection.visitChildren(DefaultConfigurableFileCollection.java:448)
	at org.gradle.api.internal.file.CompositeFileCollection.visitContents(CompositeFileCollection.java:112)
	at org.gradle.api.internal.file.AbstractFileCollection.visitStructure(AbstractFileCollection.java:361)
	at org.gradle.api.internal.file.CompositeFileCollection.lambda$visitContents$0(CompositeFileCollection.java:112)
	at org.gradle.api.internal.file.collections.UnpackingVisitor.add(UnpackingVisitor.java:66)
	at org.gradle.api.internal.file.collections.UnpackingVisitor.add(UnpackingVisitor.java:91)
	at org.gradle.api.internal.file.collections.DefaultConfigurableFileCollection$UnresolvedItemsCollector.visitContents(DefaultConfigurableFileCollection.java:635)
	at org.gradle.api.internal.file.collections.DefaultConfigurableFileCollection.visitChildren(DefaultConfigurableFileCollection.java:448)
	at org.gradle.api.internal.file.CompositeFileCollection.visitContents(CompositeFileCollection.java:112)
	at org.gradle.api.internal.file.AbstractFileCollection.visitStructure(AbstractFileCollection.java:361)
	at org.gradle.api.internal.file.CompositeFileCollection.lambda$visitContents$0(CompositeFileCollection.java:112)
	at org.gradle.api.internal.file.collections.UnpackingVisitor.add(UnpackingVisitor.java:66)
	at org.gradle.api.internal.file.collections.UnpackingVisitor.add(UnpackingVisitor.java:91)
	at org.gradle.api.internal.file.collections.DefaultConfigurableFileCollection$UnresolvedItemsCollector.visitContents(DefaultConfigurableFileCollection.java:635)
	at org.gradle.api.internal.file.collections.DefaultConfigurableFileCollection.visitChildren(DefaultConfigurableFileCollection.java:448)
	at org.gradle.api.internal.file.CompositeFileCollection.visitContents(CompositeFileCollection.java:112)
	at org.gradle.api.internal.file.AbstractFileCollection.visitStructure(AbstractFileCollection.java:361)
	at org.gradle.api.internal.file.CompositeFileCollection.lambda$visitContents$0(CompositeFileCollection.java:112)
	at org.gradle.api.internal.file.collections.UnpackingVisitor.add(UnpackingVisitor.java:66)
	at org.gradle.api.internal.file.collections.ProviderBackedFileCollection.visitChildren(ProviderBackedFileCollection.java:63)
	at org.gradle.api.internal.file.CompositeFileCollection.visitContents(CompositeFileCollection.java:112)
	at org.gradle.api.internal.file.AbstractFileCollection.visitStructure(AbstractFileCollection.java:361)
	at org.gradle.api.internal.file.CompositeFileCollection.lambda$visitContents$0(CompositeFileCollection.java:112)
	at org.gradle.api.internal.file.collections.UnpackingVisitor.add(UnpackingVisitor.java:76)
	at org.gradle.api.internal.file.collections.DefaultConfigurableFileCollection$UnresolvedItemsCollector.visitContents(DefaultConfigurableFileCollection.java:635)
	at org.gradle.api.internal.file.collections.DefaultConfigurableFileCollection.visitChildren(DefaultConfigurableFileCollection.java:448)
	at org.gradle.api.internal.file.CompositeFileCollection.visitContents(CompositeFileCollection.java:112)
	at org.gradle.api.internal.file.AbstractFileCollection.getFiles(AbstractFileCollection.java:124)
	at org.gradle.api.internal.artifacts.ivyservice.resolveengine.artifact.LocalFileDependencyBackedArtifactSet.visit(LocalFileDependencyBackedArtifactSet.java:141)
	at org.gradle.api.internal.artifacts.ivyservice.resolveengine.artifact.ParallelResolveArtifactSet$VisitingSet$StartVisitAction.execute(ParallelResolveArtifactSet.java:95)
	at org.gradle.api.internal.artifacts.ivyservice.resolveengine.artifact.ParallelResolveArtifactSet$VisitingSet$StartVisitAction.execute(ParallelResolveArtifactSet.java:72)
	at org.gradle.internal.operations.DefaultBuildOperationExecutor.executeInParallel(DefaultBuildOperationExecutor.java:99)
	at org.gradle.internal.operations.DefaultBuildOperationExecutor.runAll(DefaultBuildOperationExecutor.java:65)
	at org.gradle.api.internal.artifacts.ivyservice.resolveengine.artifact.ParallelResolveArtifactSet$VisitingSet.visit(ParallelResolveArtifactSet.java:66)
	at org.gradle.api.internal.artifacts.ivyservice.resolveengine.artifact.ResolvedArtifactSetResolver$1.run(ResolvedArtifactSetResolver.java:68)
	at org.gradle.internal.operations.DefaultBuildOperationRunner$1.execute(DefaultBuildOperationRunner.java:30)
	at org.gradle.internal.operations.DefaultBuildOperationRunner$1.execute(DefaultBuildOperationRunner.java:27)
	at org.gradle.internal.operations.DefaultBuildOperationRunner$2.execute(DefaultBuildOperationRunner.java:67)
	at org.gradle.internal.operations.DefaultBuildOperationRunner$2.execute(DefaultBuildOperationRunner.java:60)
	at org.gradle.internal.operations.DefaultBuildOperationRunner.execute(DefaultBuildOperationRunner.java:167)
	at org.gradle.internal.operations.DefaultBuildOperationRunner.execute(DefaultBuildOperationRunner.java:60)
	at org.gradle.internal.operations.DefaultBuildOperationRunner.run(DefaultBuildOperationRunner.java:48)
	at org.gradle.api.internal.artifacts.ivyservice.resolveengine.artifact.ResolvedArtifactSetResolver.visitArtifacts(ResolvedArtifactSetResolver.java:65)
	at org.gradle.api.internal.artifacts.ivyservice.resolveengine.artifact.ResolvedArtifactSetResolver.lambda$visitInUnmanagedWorkerThread$0(ResolvedArtifactSetResolver.java:61)
	at org.gradle.internal.work.DefaultWorkerLeaseService.runAsUnmanagedWorkerThread(DefaultWorkerLeaseService.java:139)
	at org.gradle.api.internal.artifacts.ivyservice.resolveengine.artifact.ResolvedArtifactSetResolver.visitInUnmanagedWorkerThread(ResolvedArtifactSetResolver.java:61)
	at org.gradle.api.internal.artifacts.ivyservice.resolveengine.artifact.DefaultSelectedArtifactSet.visitArtifacts(DefaultSelectedArtifactSet.java:59)
	at org.gradle.api.internal.artifacts.configurations.ResolutionResultProviderBackedSelectedArtifactSet.visitArtifacts(ResolutionResultProviderBackedSelectedArtifactSet.java:52)
	at org.gradle.api.internal.artifacts.ivyservice.resolveengine.artifact.SelectedArtifactSet.visitFiles(SelectedArtifactSet.java:34)
	at org.gradle.api.internal.artifacts.configurations.ResolutionBackedFileCollection.visitContents(ResolutionBackedFileCollection.java:75)
	at org.gradle.api.internal.file.AbstractFileCollection.visitStructure(AbstractFileCollection.java:361)
	at org.gradle.api.internal.file.collections.DefaultConfigurableFileCollection.lambda$calculateFinalizedValue$1(DefaultConfigurableFileCollection.java:423)
	at org.gradle.api.internal.file.collections.UnpackingVisitor.add(UnpackingVisitor.java:66)
	at org.gradle.api.internal.file.collections.DefaultConfigurableFileCollection$UnresolvedItemsCollector.visitContents(DefaultConfigurableFileCollection.java:635)
	at org.gradle.api.internal.file.collections.DefaultConfigurableFileCollection.calculateFinalizedValue(DefaultConfigurableFileCollection.java:423)
	at org.gradle.api.internal.file.collections.DefaultConfigurableFileCollection.finalizeNow(DefaultConfigurableFileCollection.java:125)
	at org.gradle.api.internal.file.collections.DefaultConfigurableFileCollection.lambda$visitChildren$2(DefaultConfigurableFileCollection.java:447)
	at org.gradle.api.internal.provider.ValueState.finalizeOnReadIfNeeded(ValueState.java:140)
	at org.gradle.api.internal.file.collections.DefaultConfigurableFileCollection.visitChildren(DefaultConfigurableFileCollection.java:447)
	at org.gradle.api.internal.file.CompositeFileCollection.visitContents(CompositeFileCollection.java:112)
	at org.gradle.api.internal.file.AbstractFileCollection.visitStructure(AbstractFileCollection.java:361)
	at org.gradle.api.internal.file.CompositeFileCollection.lambda$visitContents$0(CompositeFileCollection.java:112)
	at org.gradle.api.internal.file.collections.UnpackingVisitor.add(UnpackingVisitor.java:66)
	at org.gradle.api.internal.file.collections.UnpackingVisitor.add(UnpackingVisitor.java:91)
	at org.gradle.api.internal.file.DefaultFileCollectionFactory$ResolvingFileCollection.visitChildren(DefaultFileCollectionFactory.java:306)
	at org.gradle.api.internal.file.CompositeFileCollection.visitContents(CompositeFileCollection.java:112)
	at org.gradle.api.internal.file.AbstractFileCollection.visitStructure(AbstractFileCollection.java:361)
	at org.gradle.api.internal.file.CompositeFileCollection.lambda$visitContents$0(CompositeFileCollection.java:112)
	at org.gradle.api.internal.tasks.PropertyFileCollection.visitChildren(PropertyFileCollection.java:48)
	at org.gradle.api.internal.file.CompositeFileCollection.visitContents(CompositeFileCollection.java:112)
	at org.gradle.api.internal.file.AbstractFileCollection.visitStructure(AbstractFileCollection.java:361)
	at org.gradle.internal.fingerprint.impl.DefaultFileCollectionSnapshotter.snapshot(DefaultFileCollectionSnapshotter.java:47)
	at org.gradle.internal.execution.impl.DefaultInputFingerprinter$InputCollectingVisitor.visitInputFileProperty(DefaultInputFingerprinter.java:133)
	at org.gradle.api.internal.tasks.execution.TaskExecution.visitRegularInputs(TaskExecution.java:324)
	at org.gradle.internal.execution.impl.DefaultInputFingerprinter.fingerprintInputProperties(DefaultInputFingerprinter.java:63)
	at org.gradle.internal.execution.steps.AbstractCaptureStateBeforeExecutionStep.captureExecutionStateWithOutputs(AbstractCaptureStateBeforeExecutionStep.java:109)
	at org.gradle.internal.execution.steps.AbstractCaptureStateBeforeExecutionStep.lambda$captureExecutionState$0(AbstractCaptureStateBeforeExecutionStep.java:74)
	at org.gradle.internal.execution.steps.BuildOperationStep$1.call(BuildOperationStep.java:37)
	at org.gradle.internal.operations.DefaultBuildOperationRunner$CallableBuildOperationWorker.execute(DefaultBuildOperationRunner.java:210)
	at org.gradle.internal.operations.DefaultBuildOperationRunner$CallableBuildOperationWorker.execute(DefaultBuildOperationRunner.java:205)
	at org.gradle.internal.operations.DefaultBuildOperationRunner$2.execute(DefaultBuildOperationRunner.java:67)
	at org.gradle.internal.operations.DefaultBuildOperationRunner$2.execute(DefaultBuildOperationRunner.java:60)
	at org.gradle.internal.operations.DefaultBuildOperationRunner.execute(DefaultBuildOperationRunner.java:167)
	at org.gradle.internal.operations.DefaultBuildOperationRunner.execute(DefaultBuildOperationRunner.java:60)
	at org.gradle.internal.operations.DefaultBuildOperationRunner.call(DefaultBuildOperationRunner.java:54)
	at org.gradle.internal.execution.steps.BuildOperationStep.operation(BuildOperationStep.java:34)
	at org.gradle.internal.execution.steps.AbstractCaptureStateBeforeExecutionStep.captureExecutionState(AbstractCaptureStateBeforeExecutionStep.java:69)
	at org.gradle.internal.execution.steps.AbstractCaptureStateBeforeExecutionStep.execute(AbstractCaptureStateBeforeExecutionStep.java:62)
	at org.gradle.internal.execution.steps.AbstractCaptureStateBeforeExecutionStep.execute(AbstractCaptureStateBeforeExecutionStep.java:43)
	at org.gradle.internal.execution.steps.AbstractSkipEmptyWorkStep.executeWithNonEmptySources(AbstractSkipEmptyWorkStep.java:125)
	at org.gradle.internal.execution.steps.AbstractSkipEmptyWorkStep.execute(AbstractSkipEmptyWorkStep.java:61)
	at org.gradle.internal.execution.steps.AbstractSkipEmptyWorkStep.execute(AbstractSkipEmptyWorkStep.java:36)
	at org.gradle.internal.execution.steps.legacy.MarkSnapshottingInputsStartedStep.execute(MarkSnapshottingInputsStartedStep.java:38)
	at org.gradle.internal.execution.steps.LoadPreviousExecutionStateStep.execute(LoadPreviousExecutionStateStep.java:36)
	at org.gradle.internal.execution.steps.LoadPreviousExecutionStateStep.execute(LoadPreviousExecutionStateStep.java:23)
	at org.gradle.internal.execution.steps.HandleStaleOutputsStep.execute(HandleStaleOutputsStep.java:75)
	at org.gradle.internal.execution.steps.HandleStaleOutputsStep.execute(HandleStaleOutputsStep.java:41)
	at org.gradle.internal.execution.steps.AssignMutableWorkspaceStep.lambda$execute$0(AssignMutableWorkspaceStep.java:35)
	at org.gradle.api.internal.tasks.execution.TaskExecution$4.withWorkspace(TaskExecution.java:289)
	at org.gradle.internal.execution.steps.AssignMutableWorkspaceStep.execute(AssignMutableWorkspaceStep.java:31)
	at org.gradle.internal.execution.steps.AssignMutableWorkspaceStep.execute(AssignMutableWorkspaceStep.java:22)
	at org.gradle.internal.execution.steps.ChoosePipelineStep.execute(ChoosePipelineStep.java:40)
	at org.gradle.internal.execution.steps.ChoosePipelineStep.execute(ChoosePipelineStep.java:23)
	at org.gradle.internal.execution.steps.ExecuteWorkBuildOperationFiringStep.lambda$execute$2(ExecuteWorkBuildOperationFiringStep.java:67)
	at java.base/java.util.Optional.orElseGet(Optional.java:364)
	at org.gradle.internal.execution.steps.ExecuteWorkBuildOperationFiringStep.execute(ExecuteWorkBuildOperationFiringStep.java:67)
	at org.gradle.internal.execution.steps.ExecuteWorkBuildOperationFiringStep.execute(ExecuteWorkBuildOperationFiringStep.java:39)
	at org.gradle.internal.execution.steps.IdentityCacheStep.execute(IdentityCacheStep.java:46)
	at org.gradle.internal.execution.steps.IdentityCacheStep.execute(IdentityCacheStep.java:34)
	at org.gradle.internal.execution.steps.IdentifyStep.execute(IdentifyStep.java:48)
	at org.gradle.internal.execution.steps.IdentifyStep.execute(IdentifyStep.java:35)
	at org.gradle.internal.execution.impl.DefaultExecutionEngine$1.execute(DefaultExecutionEngine.java:64)
	at org.gradle.api.internal.tasks.execution.ExecuteActionsTaskExecuter.executeIfValid(ExecuteActionsTaskExecuter.java:127)
	at org.gradle.api.internal.tasks.execution.ExecuteActionsTaskExecuter.execute(ExecuteActionsTaskExecuter.java:116)
	at org.gradle.api.internal.tasks.execution.ProblemsTaskPathTrackingTaskExecuter.execute(ProblemsTaskPathTrackingTaskExecuter.java:41)
	at org.gradle.api.internal.tasks.execution.FinalizePropertiesTaskExecuter.execute(FinalizePropertiesTaskExecuter.java:46)
	at org.gradle.api.internal.tasks.execution.ResolveTaskExecutionModeExecuter.execute(ResolveTaskExecutionModeExecuter.java:51)
	at org.gradle.api.internal.tasks.execution.SkipTaskWithNoActionsExecuter.execute(SkipTaskWithNoActionsExecuter.java:57)
	at org.gradle.api.internal.tasks.execution.SkipOnlyIfTaskExecuter.execute(SkipOnlyIfTaskExecuter.java:74)
	at org.gradle.api.internal.tasks.execution.CatchExceptionTaskExecuter.execute(CatchExceptionTaskExecuter.java:36)
	at org.gradle.api.internal.tasks.execution.EventFiringTaskExecuter$1.executeTask(EventFiringTaskExecuter.java:77)
	at org.gradle.api.internal.tasks.execution.EventFiringTaskExecuter$1.call(EventFiringTaskExecuter.java:55)
	at org.gradle.api.internal.tasks.execution.EventFiringTaskExecuter$1.call(EventFiringTaskExecuter.java:52)
	at org.gradle.internal.operations.DefaultBuildOperationRunner$CallableBuildOperationWorker.execute(DefaultBuildOperationRunner.java:210)
	at org.gradle.internal.operations.DefaultBuildOperationRunner$CallableBuildOperationWorker.execute(DefaultBuildOperationRunner.java:205)
	at org.gradle.internal.operations.DefaultBuildOperationRunner$2.execute(DefaultBuildOperationRunner.java:67)
	at org.gradle.internal.operations.DefaultBuildOperationRunner$2.execute(DefaultBuildOperationRunner.java:60)
	at org.gradle.internal.operations.DefaultBuildOperationRunner.execute(DefaultBuildOperationRunner.java:167)
	at org.gradle.internal.operations.DefaultBuildOperationRunner.execute(DefaultBuildOperationRunner.java:60)
	at org.gradle.internal.operations.DefaultBuildOperationRunner.call(DefaultBuildOperationRunner.java:54)
	at org.gradle.api.internal.tasks.execution.EventFiringTaskExecuter.execute(EventFiringTaskExecuter.java:52)
	at org.gradle.execution.plan.LocalTaskNodeExecutor.execute(LocalTaskNodeExecutor.java:42)
	at org.gradle.execution.taskgraph.DefaultTaskExecutionGraph$InvokeNodeExecutorsAction.execute(DefaultTaskExecutionGraph.java:331)
	at org.gradle.execution.taskgraph.DefaultTaskExecutionGraph$InvokeNodeExecutorsAction.execute(DefaultTaskExecutionGraph.java:318)
	at org.gradle.execution.taskgraph.DefaultTaskExecutionGraph$BuildOperationAwareExecutionAction.lambda$execute$0(DefaultTaskExecutionGraph.java:314)
	at org.gradle.internal.operations.CurrentBuildOperationRef.with(CurrentBuildOperationRef.java:85)
	at org.gradle.execution.taskgraph.DefaultTaskExecutionGraph$BuildOperationAwareExecutionAction.execute(DefaultTaskExecutionGraph.java:314)
	at org.gradle.execution.taskgraph.DefaultTaskExecutionGraph$BuildOperationAwareExecutionAction.execute(DefaultTaskExecutionGraph.java:303)
	at org.gradle.execution.plan.DefaultPlanExecutor$ExecutorWorker.execute(DefaultPlanExecutor.java:459)
	at org.gradle.execution.plan.DefaultPlanExecutor$ExecutorWorker.run(DefaultPlanExecutor.java:376)
	at org.gradle.internal.concurrent.ExecutorPolicy$CatchAndRecordFailures.onExecute(ExecutorPolicy.java:64)
	at org.gradle.internal.concurrent.AbstractManagedExecutor$1.run(AbstractManagedExecutor.java:48)
	at java.base/java.util.concurrent.ThreadPoolExecutor.runWorker(ThreadPoolExecutor.java:1144)
	at java.base/java.util.concurrent.ThreadPoolExecutor$Worker.run(ThreadPoolExecutor.java:642)
	at java.base/java.lang.Thread.run(Thread.java:1583)

> Task :domains:common:application:compileJava NO-SOURCE
> Task :domains:common:application:classes UP-TO-DATE
> Task :domains:common:application:jar
> Task :domains:common:infrastructure:generateAvroProtocol NO-SOURCE
> Task :domains:common:infrastructure:generateAvroJava NO-SOURCE
> Task :domains:common:application:assemble
> Task :domains:common:application:compileTestKotlin NO-SOURCE
> Task :domains:common:application:compileTestJava NO-SOURCE
> Task :domains:common:application:testClasses UP-TO-DATE
> Task :domains:common:application:test NO-SOURCE
> Task :domains:common:application:check UP-TO-DATE
> Task :domains:common:application:build
> Task :domains:common:infrastructure:generateTestAvroProtocol NO-SOURCE
> Task :domains:common:infrastructure:generateTestAvroJava NO-SOURCE
> Task :domains:common:infrastructure:compileKotlin
> Task :domains:common:infrastructure:compileJava NO-SOURCE
> Task :domains:common:infrastructure:classes UP-TO-DATE
> Task :domains:common:infrastructure:jar
> Task :domains:common:infrastructure:assemble
> Task :domains:common:infrastructure:compileTestKotlin NO-SOURCE
> Task :domains:common:infrastructure:compileTestJava NO-SOURCE
> Task :domains:common:infrastructure:testClasses UP-TO-DATE
> Task :domains:common:infrastructure:test NO-SOURCE
> Task :domains:common:infrastructure:check UP-TO-DATE
> Task :domains:common:infrastructure:build

> Task :domains:user:domain:compileKotlin
w: file:///home/junoko/Code/kotlin-spring-boot-msa/restaurant/domains/user/domain/src/main/kotlin/com/restaurant/user/domain/aggregate/User.kt:17:17 Non-public primary constructor is exposed via the generated 'copy()' method of the 'data' class.

The generated 'copy()' will change its visibility in future releases.

To suppress the warning do one of the following:
- Annotate the data class with the '@ConsistentCopyVisibility' annotation.
- Use the '-Xconsistent-data-class-copy-visibility' compiler flag.
- Annotate the data class with the '@ExposedCopyVisibility' annotation 
  (Discouraged, but can be used to keep binary compatibility).

To learn more, see the documentation of the '@ConsistentCopyVisibility' and '@ExposedCopyVisibility' annotations.

This will become an error in Kotlin 2.2.
w: file:///home/junoko/Code/kotlin-spring-boot-msa/restaurant/domains/user/domain/src/main/kotlin/com/restaurant/user/domain/aggregate/User.kt:93:81 This 'copy()' exposes the non-public primary constructor of a 'data class'. See the appropriate 'data class' documentation or contact the 'data class' author for migration guidance. This will become an error in Kotlin 2.2.
w: file:///home/junoko/Code/kotlin-spring-boot-msa/restaurant/domains/user/domain/src/main/kotlin/com/restaurant/user/domain/aggregate/User.kt:98:62 This 'copy()' exposes the non-public primary constructor of a 'data class'. See the appropriate 'data class' documentation or contact the 'data class' author for migration guidance. This will become an error in Kotlin 2.2.
w: file:///home/junoko/Code/kotlin-spring-boot-msa/restaurant/domains/user/domain/src/main/kotlin/com/restaurant/user/domain/aggregate/User.kt:123:133 This 'copy()' exposes the non-public primary constructor of a 'data class'. See the appropriate 'data class' documentation or contact the 'data class' author for migration guidance. This will become an error in Kotlin 2.2.
w: file:///home/junoko/Code/kotlin-spring-boot-msa/restaurant/domains/user/domain/src/main/kotlin/com/restaurant/user/domain/aggregate/User.kt:128:62 This 'copy()' exposes the non-public primary constructor of a 'data class'. See the appropriate 'data class' documentation or contact the 'data class' author for migration guidance. This will become an error in Kotlin 2.2.
w: file:///home/junoko/Code/kotlin-spring-boot-msa/restaurant/domains/user/domain/src/main/kotlin/com/restaurant/user/domain/aggregate/User.kt:220:66 This 'copy()' exposes the non-public primary constructor of a 'data class'. See the appropriate 'data class' documentation or contact the 'data class' author for migration guidance. This will become an error in Kotlin 2.2.
w: file:///home/junoko/Code/kotlin-spring-boot-msa/restaurant/domains/user/domain/src/main/kotlin/com/restaurant/user/domain/aggregate/User.kt:220:99 This 'copy()' exposes the non-public primary constructor of a 'data class'. See the appropriate 'data class' documentation or contact the 'data class' author for migration guidance. This will become an error in Kotlin 2.2.
w: file:///home/junoko/Code/kotlin-spring-boot-msa/restaurant/domains/user/domain/src/main/kotlin/com/restaurant/user/domain/entity/Address.kt:12:20 Non-public primary constructor is exposed via the generated 'copy()' method of the 'data' class.

The generated 'copy()' will change its visibility in future releases.

To suppress the warning do one of the following:
- Annotate the data class with the '@ConsistentCopyVisibility' annotation.
- Use the '-Xconsistent-data-class-copy-visibility' compiler flag.
- Annotate the data class with the '@ExposedCopyVisibility' annotation 
  (Discouraged, but can be used to keep binary compatibility).

To learn more, see the documentation of the '@ConsistentCopyVisibility' and '@ExposedCopyVisibility' annotations.

This will become an error in Kotlin 2.2.

> Task :domains:user:domain:compileJava NO-SOURCE
> Task :domains:common:presentation:compileKotlin
> Task :domains:common:presentation:compileJava NO-SOURCE
> Task :domains:common:presentation:classes UP-TO-DATE
> Task :domains:common:presentation:jar
> Task :domains:user:domain:classes UP-TO-DATE
> Task :domains:user:domain:jar
> Task :domains:user:infrastructure:messaging:generateAvroProtocol NO-SOURCE
> Task :domains:user:infrastructure:messaging:generateAvroJava
> Task :domains:user:application:compileKotlin
> Task :domains:user:application:compileJava NO-SOURCE
> Task :domains:user:application:classes UP-TO-DATE
> Task :domains:user:application:jar
> Task :domains:common:presentation:assemble
> Task :domains:common:presentation:compileTestKotlin NO-SOURCE
> Task :domains:common:presentation:compileTestJava NO-SOURCE
> Task :domains:common:presentation:testClasses UP-TO-DATE
> Task :domains:common:presentation:test NO-SOURCE
> Task :domains:common:presentation:check UP-TO-DATE
> Task :domains:common:presentation:build
> Task :domains:user:application:assemble
> Task :domains:user:application:compileTestKotlin NO-SOURCE
> Task :domains:user:application:compileTestJava NO-SOURCE
> Task :domains:user:application:testClasses UP-TO-DATE
> Task :domains:user:application:test NO-SOURCE
> Task :domains:user:application:check UP-TO-DATE
> Task :domains:user:application:build
> Task :domains:user:domain:assemble
> Task :domains:user:domain:compileTestKotlin NO-SOURCE
> Task :domains:user:domain:compileTestJava NO-SOURCE
> Task :domains:user:domain:testClasses UP-TO-DATE
> Task :domains:user:domain:test NO-SOURCE
> Task :domains:user:domain:check UP-TO-DATE
> Task :domains:user:domain:build
> Task :domains:user:infrastructure:messaging:generateTestAvroProtocol NO-SOURCE
> Task :domains:user:infrastructure:messaging:generateTestAvroJava NO-SOURCE
> Task :domains:user:infrastructure:messaging:compileKotlin
> Task :domains:user:infrastructure:persistence:compileKotlin
> Task :domains:user:presentation:compileKotlin
> Task :domains:user:infrastructure:messaging:compileJava
> Task :domains:user:presentation:compileJava NO-SOURCE
> Task :domains:user:presentation:classes UP-TO-DATE
> Task :domains:user:presentation:jar
> Task :domains:user:infrastructure:messaging:classes
> Task :domains:user:infrastructure:messaging:jar
> Task :domains:user:infrastructure:persistence:compileJava NO-SOURCE
> Task :domains:user:infrastructure:persistence:classes UP-TO-DATE
> Task :domains:user:infrastructure:persistence:jar
> Task :domains:user:presentation:assemble
> Task :domains:user:presentation:compileTestKotlin NO-SOURCE
> Task :domains:user:presentation:compileTestJava NO-SOURCE
> Task :domains:user:presentation:testClasses UP-TO-DATE
> Task :domains:user:presentation:test NO-SOURCE
> Task :domains:user:presentation:check UP-TO-DATE
> Task :domains:user:presentation:build
> Task :domains:user:infrastructure:messaging:assemble
> Task :domains:user:infrastructure:messaging:compileTestKotlin NO-SOURCE
> Task :domains:user:infrastructure:messaging:compileTestJava NO-SOURCE
> Task :domains:user:infrastructure:messaging:testClasses UP-TO-DATE
> Task :domains:user:infrastructure:messaging:test NO-SOURCE
> Task :domains:user:infrastructure:messaging:check UP-TO-DATE
> Task :domains:user:infrastructure:messaging:build
> Task :domains:user:infrastructure:persistence:assemble
> Task :domains:user:infrastructure:persistence:compileTestKotlin NO-SOURCE
> Task :domains:user:infrastructure:persistence:compileTestJava NO-SOURCE
> Task :domains:user:infrastructure:persistence:testClasses UP-TO-DATE
> Task :domains:user:infrastructure:persistence:test NO-SOURCE
> Task :domains:user:infrastructure:persistence:check UP-TO-DATE
> Task :domains:user:infrastructure:persistence:build
> Task :apps:user-app:compileKotlin
> Task :apps:user-app:compileJava NO-SOURCE
> Task :apps:user-app:classes
> Task :apps:user-app:resolveMainClassName
> Task :apps:user-app:bootJar
> Task :apps:user-app:jar
> Task :apps:user-app:assemble
> Task :apps:user-app:compileTestKotlin NO-SOURCE
> Task :apps:user-app:compileTestJava NO-SOURCE
> Task :apps:user-app:testClasses UP-TO-DATE
> Task :apps:user-app:test NO-SOURCE
> Task :apps:user-app:check UP-TO-DATE
> Task :apps:user-app:build

[Incubating] Problems report is available at: file:///home/junoko/Code/kotlin-spring-boot-msa/restaurant/build/reports/problems/problems-report.html

BUILD SUCCESSFUL in 7s
40 actionable tasks: 40 executed
