> Task :buildSrc:checkKotlinGradlePluginConfigurationErrors SKIPPED
> Task :buildSrc:compileKotlin UP-TO-DATE
> Task :buildSrc:compileJava NO-SOURCE
> Task :buildSrc:compileGroovy NO-SOURCE
> Task :buildSrc:pluginDescriptors UP-TO-DATE
> Task :buildSrc:processResources NO-SOURCE
> Task :buildSrc:classes UP-TO-DATE
> Task :buildSrc:jar UP-TO-DATE
> Task :apps:user-app:checkKotlinGradlePluginConfigurationErrors SKIPPED
> Task :independent:outbox:checkKotlinGradlePluginConfigurationErrors SKIPPED
> Task :domains:common:application:checkKotlinGradlePluginConfigurationErrors SKIPPED
> Task :domains:common:domain:checkKotlinGradlePluginConfigurationErrors SKIPPED
> Task :domains:common:infrastructure:checkKotlinGradlePluginConfigurationErrors SKIPPED
> Task :domains:common:presentation:checkKotlinGradlePluginConfigurationErrors SKIPPED
> Task :domains:user:application:processResources NO-SOURCE
> Task :domains:user:application:checkKotlinGradlePluginConfigurationErrors SKIPPED
> Task :domains:user:domain:checkKotlinGradlePluginConfigurationErrors SKIPPED
> Task :domains:user:infrastructure:checkKotlinGradlePluginConfigurationErrors SKIPPED
> Task :domains:user:presentation:checkKotlinGradlePluginConfigurationErrors SKIPPED
> Task :apps:user-app:processResources
> Task :independent:outbox:processResources
> Task :domains:common:application:processResources NO-SOURCE
> Task :domains:common:domain:processResources NO-SOURCE
> Task :domains:common:infrastructure:processResources NO-SOURCE
> Task :domains:common:presentation:processResources NO-SOURCE
> Task :domains:user:domain:processResources NO-SOURCE
> Task :domains:user:presentation:processResources NO-SOURCE
> Task :domains:common:domain:compileKotlin
> Task :domains:common:domain:compileJava NO-SOURCE
> Task :domains:common:domain:classes UP-TO-DATE
> Task :domains:common:domain:jar
> Task :domains:common:application:compileKotlin
> Task :domains:common:application:compileJava NO-SOURCE
> Task :domains:common:application:classes UP-TO-DATE
> Task :domains:common:application:jar
> Task :independent:outbox:compileKotlin
> Task :independent:outbox:compileJava NO-SOURCE
> Task :independent:outbox:classes
> Task :independent:outbox:jar
> Task :domains:common:infrastructure:compileKotlin
> Task :domains:common:infrastructure:compileJava NO-SOURCE
> Task :domains:common:infrastructure:classes UP-TO-DATE
> Task :domains:common:infrastructure:jar
> Task :domains:common:presentation:compileKotlin
> Task :domains:common:presentation:compileJava NO-SOURCE
> Task :domains:common:presentation:classes UP-TO-DATE
> Task :domains:common:presentation:jar
> Task :domains:user:domain:compileKotlin
> Task :domains:user:domain:compileJava NO-SOURCE
> Task :domains:user:domain:classes UP-TO-DATE
> Task :domains:user:domain:jar
> Task :domains:user:application:compileKotlin
> Task :domains:user:application:compileJava NO-SOURCE
> Task :domains:user:application:classes UP-TO-DATE
> Task :domains:user:application:jar

> Task :domains:user:infrastructure:compileKotlin
w: file:///home/junoko/Code/kotlin-spring-boot-msa/restaurant/domains/user/infrastructure/src/main/kotlin/com/restaurant/user/infrastructure/mapper/DomainEventToOutboxMessageConverter.kt:126:13 Check for instance is always 'true'.

> Task :domains:user:infrastructure:compileJava NO-SOURCE

> Task :domains:user:infrastructure:generateJsonSchema
Generating JSON schemas for events in package: com.restaurant.user.domain.event
Output directory: /home/junoko/Code/kotlin-spring-boot-msa/restaurant/domains/user/infrastructure/src/main/resources/schemas
Compiled classes directory: /home/junoko/Code/kotlin-spring-boot-msa/restaurant/domains/user/infrastructure/build/classes/kotlin/main
Domain classes directory: /home/junoko/Code/kotlin-spring-boot-msa/restaurant/domains/user/domain/build/classes/kotlin/main (exists: true)
Common domain classes directory: /home/junoko/Code/kotlin-spring-boot-msa/restaurant/domains/common/domain/build/classes/kotlin/main (exists: true)
Runtime classpath size: 148
Total valid classpaths: 151
Loading UserEvent class...
Successfully loaded UserEvent class: com.restaurant.user.domain.event.UserEvent
Testing kotlinx.serialization compatibility for UserEvent...
Found 10 sealed subclasses in UserEvent
  - Activated
  - AddressAdded
  - AddressDeleted
  - AddressUpdated
  - Created
  - Deactivated
  - Deleted
  - PasswordChanged
  - ProfileUpdated
  - Withdrawn
kotlinx.serialization compatibility test passed for UserEvent
Generating JSON schema for UserEvent...
Generating kotlinx.serialization-based schema for UserEvent...
Generated kotlinx.serialization-compatible schema at /home/junoko/Code/kotlin-spring-boot-msa/restaurant/domains/user/infrastructure/src/main/resources/schemas/user_event.json
Successfully generated schema for UserEvent

> Task :domains:user:infrastructure:processResources
> Task :domains:user:infrastructure:classes
> Task :domains:user:infrastructure:jar
> Task :domains:user:presentation:compileKotlin
> Task :domains:user:presentation:compileJava NO-SOURCE
> Task :domains:user:presentation:classes UP-TO-DATE
> Task :domains:user:presentation:jar
> Task :apps:user-app:compileKotlin
> Task :apps:user-app:compileJava NO-SOURCE
> Task :apps:user-app:classes
> Task :apps:user-app:resolveMainClassName

> Task :apps:user-app:bootRun

  .   ____          _            __ _ _
 /\\ / ___'_ __ _ _(_)_ __  __ _ \ \ \ \
( ( )\___ | '_ | '_| | '_ \/ _` | \ \ \ \
 \\/  ___)| |_)| | | | | || (_| |  ) ) ) )
  '  |____| .__|_| |_|_| |_\__, | / / / /
 =========|_|==============|___/=/_/_/_/

 :: Spring Boot ::                (v3.5.0)

2025-05-29 03:43:49.274 [main] INFO  c.r.apps.user.UserApplicationKt - Starting UserApplicationKt using Java 21.0.7 with PID 2034148 (/home/junoko/Code/kotlin-spring-boot-msa/restaurant/apps/user-app/build/classes/kotlin/main started by junoko in /home/junoko/Code/kotlin-spring-boot-msa/restaurant/apps/user-app)
2025-05-29 03:43:49.275 [main] INFO  c.r.apps.user.UserApplicationKt - The following 1 profile is active: "dev"
2025-05-29T03:43:49.585+09:00  INFO 2034148 --- [user-service] [           main] .s.d.r.c.RepositoryConfigurationDelegate : Bootstrapping Spring Data JPA repositories in DEFAULT mode.
2025-05-29 03:43:49.585 [main] INFO  o.s.d.r.c.RepositoryConfigurationDelegate - Bootstrapping Spring Data JPA repositories in DEFAULT mode.
2025-05-29T03:43:49.633+09:00  INFO 2034148 --- [user-service] [           main] .s.d.r.c.RepositoryConfigurationDelegate : Finished Spring Data repository scanning in 45 ms. Found 3 JPA repository interfaces.
2025-05-29 03:43:49.633 [main] INFO  o.s.d.r.c.RepositoryConfigurationDelegate - Finished Spring Data repository scanning in 45 ms. Found 3 JPA repository interfaces.
2025-05-29T03:43:49.869+09:00  INFO 2034148 --- [user-service] [           main] faultConfiguringBeanFactoryPostProcessor : No bean named 'errorChannel' has been explicitly defined. Therefore, a default PublishSubscribeChannel will be created.
2025-05-29 03:43:49.869 [main] INFO  o.s.i.c.DefaultConfiguringBeanFactoryPostProcessor - No bean named 'errorChannel' has been explicitly defined. Therefore, a default PublishSubscribeChannel will be created.
2025-05-29T03:43:49.873+09:00  INFO 2034148 --- [user-service] [           main] faultConfiguringBeanFactoryPostProcessor : No bean named 'integrationHeaderChannelRegistry' has been explicitly defined. Therefore, a default DefaultHeaderChannelRegistry will be created.
2025-05-29 03:43:49.873 [main] INFO  o.s.i.c.DefaultConfiguringBeanFactoryPostProcessor - No bean named 'integrationHeaderChannelRegistry' has been explicitly defined. Therefore, a default DefaultHeaderChannelRegistry will be created.
2025-05-29T03:43:50.337+09:00  INFO 2034148 --- [user-service] [           main] o.s.b.w.embedded.tomcat.TomcatWebServer  : Tomcat initialized with port 8090 (http)
2025-05-29 03:43:50.337 [main] INFO  o.s.b.w.e.tomcat.TomcatWebServer - Tomcat initialized with port 8090 (http)
2025-05-29T03:43:50.345+09:00  INFO 2034148 --- [user-service] [           main] o.apache.catalina.core.StandardService   : Starting service [Tomcat]
2025-05-29 03:43:50.345 [main] INFO  o.a.catalina.core.StandardService - Starting service [Tomcat]
2025-05-29T03:43:50.346+09:00  INFO 2034148 --- [user-service] [           main] o.apache.catalina.core.StandardEngine    : Starting Servlet engine: [Apache Tomcat/10.1.41]
2025-05-29 03:43:50.346 [main] INFO  o.a.catalina.core.StandardEngine - Starting Servlet engine: [Apache Tomcat/10.1.41]
2025-05-29T03:43:50.387+09:00  INFO 2034148 --- [user-service] [           main] o.a.c.c.C.[Tomcat].[localhost].[/]       : Initializing Spring embedded WebApplicationContext
2025-05-29 03:43:50.387 [main] INFO  o.a.c.c.C.[Tomcat].[localhost].[/] - Initializing Spring embedded WebApplicationContext
2025-05-29T03:43:50.387+09:00  INFO 2034148 --- [user-service] [           main] w.s.c.ServletWebServerApplicationContext : Root WebApplicationContext: initialization completed in 1088 ms
2025-05-29 03:43:50.387 [main] INFO  o.s.b.w.s.c.ServletWebServerApplicationContext - Root WebApplicationContext: initialization completed in 1088 ms
2025-05-29T03:43:50.578+09:00  INFO 2034148 --- [user-service] [           main] o.hibernate.jpa.internal.util.LogHelper  : HHH000204: Processing PersistenceUnitInfo [name: default]
2025-05-29 03:43:50.578 [main] INFO  o.h.jpa.internal.util.LogHelper - HHH000204: Processing PersistenceUnitInfo [name: default]
2025-05-29T03:43:50.599+09:00  INFO 2034148 --- [user-service] [           main] org.hibernate.Version                    : HHH000412: Hibernate ORM core version 6.6.15.Final
2025-05-29 03:43:50.599 [main] INFO  org.hibernate.Version - HHH000412: Hibernate ORM core version 6.6.15.Final
2025-05-29T03:43:50.613+09:00  INFO 2034148 --- [user-service] [           main] o.h.c.internal.RegionFactoryInitiator    : HHH000026: Second-level cache disabled
2025-05-29 03:43:50.613 [main] INFO  o.h.c.i.RegionFactoryInitiator - HHH000026: Second-level cache disabled
2025-05-29T03:43:50.721+09:00  INFO 2034148 --- [user-service] [           main] o.s.o.j.p.SpringPersistenceUnitInfo      : No LoadTimeWeaver setup: ignoring JPA class transformer
2025-05-29 03:43:50.721 [main] INFO  o.s.o.j.p.SpringPersistenceUnitInfo - No LoadTimeWeaver setup: ignoring JPA class transformer
2025-05-29T03:43:50.734+09:00  INFO 2034148 --- [user-service] [           main] com.zaxxer.hikari.HikariDataSource       : HikariPool-1 - Starting...
2025-05-29 03:43:50.734 [main] INFO  com.zaxxer.hikari.HikariDataSource - HikariPool-1 - Starting...
2025-05-29T03:43:50.839+09:00  INFO 2034148 --- [user-service] [           main] com.zaxxer.hikari.pool.HikariPool        : HikariPool-1 - Added connection conn0: url=jdbc:h2:mem:userdb user=TEST
2025-05-29 03:43:50.839 [main] INFO  com.zaxxer.hikari.pool.HikariPool - HikariPool-1 - Added connection conn0: url=jdbc:h2:mem:userdb user=TEST
2025-05-29T03:43:50.840+09:00  INFO 2034148 --- [user-service] [           main] com.zaxxer.hikari.HikariDataSource       : HikariPool-1 - Start completed.
2025-05-29 03:43:50.840 [main] INFO  com.zaxxer.hikari.HikariDataSource - HikariPool-1 - Start completed.
2025-05-29T03:43:50.872+09:00  INFO 2034148 --- [user-service] [           main] org.hibernate.orm.connections.pooling    : HHH10001005: Database info:
	Database JDBC URL [Connecting through datasource 'HikariDataSource (HikariPool-1)']
	Database driver: undefined/unknown
	Database version: 2.3.232
	Autocommit mode: undefined/unknown
	Isolation level: undefined/unknown
	Minimum pool size: undefined/unknown
	Maximum pool size: undefined/unknown
2025-05-29 03:43:50.872 [main] INFO  o.hibernate.orm.connections.pooling - HHH10001005: Database info:
	Database JDBC URL [Connecting through datasource 'HikariDataSource (HikariPool-1)']
	Database driver: undefined/unknown
	Database version: 2.3.232
	Autocommit mode: undefined/unknown
	Isolation level: undefined/unknown
	Minimum pool size: undefined/unknown
	Maximum pool size: undefined/unknown
2025-05-29T03:43:51.318+09:00  INFO 2034148 --- [user-service] [           main] o.h.e.t.j.p.i.JtaPlatformInitiator       : HHH000489: No JTA platform available (set 'hibernate.transaction.jta.platform' to enable JTA platform integration)
2025-05-29 03:43:51.318 [main] INFO  o.h.e.t.j.p.i.JtaPlatformInitiator - HHH000489: No JTA platform available (set 'hibernate.transaction.jta.platform' to enable JTA platform integration)
2025-05-29T03:43:51.341+09:00  INFO 2034148 --- [user-service] [           main] j.LocalContainerEntityManagerFactoryBean : Initialized JPA EntityManagerFactory for persistence unit 'default'
2025-05-29 03:43:51.341 [main] INFO  o.s.o.j.LocalContainerEntityManagerFactoryBean - Initialized JPA EntityManagerFactory for persistence unit 'default'
2025-05-29T03:43:51.656+09:00  INFO 2034148 --- [user-service] [           main] o.s.d.j.r.query.QueryEnhancerFactory     : Hibernate is in classpath; If applicable, HQL parser will be used.
2025-05-29 03:43:51.656 [main] INFO  o.s.d.j.r.query.QueryEnhancerFactory - Hibernate is in classpath; If applicable, HQL parser will be used.
2025-05-29T03:43:52.118+09:00  WARN 2034148 --- [user-service] [           main] JpaBaseConfiguration$JpaWebConfiguration : spring.jpa.open-in-view is enabled by default. Therefore, database queries may be performed during view rendering. Explicitly configure spring.jpa.open-in-view to disable this warning
2025-05-29 03:43:52.118 [main] WARN  o.s.b.a.o.j.JpaBaseConfiguration$JpaWebConfiguration - spring.jpa.open-in-view is enabled by default. Therefore, database queries may be performed during view rendering. Explicitly configure spring.jpa.open-in-view to disable this warning
2025-05-29T03:43:52.758+09:00  INFO 2034148 --- [user-service] [           main] o.s.b.a.h2.H2ConsoleAutoConfiguration    : H2 console available at '/h2-console'. Database available at 'jdbc:h2:mem:userdb'
2025-05-29 03:43:52.758 [main] INFO  o.s.b.a.h.H2ConsoleAutoConfiguration - H2 console available at '/h2-console'. Database available at 'jdbc:h2:mem:userdb'
2025-05-29T03:43:52.824+09:00  INFO 2034148 --- [user-service] [           main] o.s.b.a.e.web.EndpointLinksResolver      : Exposing 1 endpoint beneath base path '/actuator'
2025-05-29 03:43:52.824 [main] INFO  o.s.b.a.e.web.EndpointLinksResolver - Exposing 1 endpoint beneath base path '/actuator'
2025-05-29T03:43:52.927+09:00  INFO 2034148 --- [user-service] [           main] o.s.i.endpoint.EventDrivenConsumer       : Adding {logging-channel-adapter:_org.springframework.integration.errorLogger} as a subscriber to the 'errorChannel' channel
2025-05-29 03:43:52.927 [main] INFO  o.s.i.endpoint.EventDrivenConsumer - Adding {logging-channel-adapter:_org.springframework.integration.errorLogger} as a subscriber to the 'errorChannel' channel
2025-05-29T03:43:52.928+09:00  INFO 2034148 --- [user-service] [           main] o.s.i.channel.PublishSubscribeChannel    : Channel 'user-service.errorChannel' has 1 subscriber(s).
2025-05-29 03:43:52.928 [main] INFO  o.s.i.c.PublishSubscribeChannel - Channel 'user-service.errorChannel' has 1 subscriber(s).
2025-05-29T03:43:52.928+09:00  INFO 2034148 --- [user-service] [           main] o.s.i.endpoint.EventDrivenConsumer       : started bean '_org.springframework.integration.errorLogger'
2025-05-29 03:43:52.928 [main] INFO  o.s.i.endpoint.EventDrivenConsumer - started bean '_org.springframework.integration.errorLogger'
2025-05-29T03:43:52.932+09:00  INFO 2034148 --- [user-service] [           main] o.s.i.endpoint.EventDrivenConsumer       : Removing {logging-channel-adapter:_org.springframework.integration.errorLogger} as a subscriber to the 'errorChannel' channel
2025-05-29 03:43:52.932 [main] INFO  o.s.i.endpoint.EventDrivenConsumer - Removing {logging-channel-adapter:_org.springframework.integration.errorLogger} as a subscriber to the 'errorChannel' channel
2025-05-29T03:43:52.932+09:00  INFO 2034148 --- [user-service] [           main] o.s.i.channel.PublishSubscribeChannel    : Channel 'user-service.errorChannel' has 0 subscriber(s).
2025-05-29 03:43:52.932 [main] INFO  o.s.i.c.PublishSubscribeChannel - Channel 'user-service.errorChannel' has 0 subscriber(s).
2025-05-29T03:43:52.932+09:00  INFO 2034148 --- [user-service] [           main] o.s.i.endpoint.EventDrivenConsumer       : stopped bean '_org.springframework.integration.errorLogger'
2025-05-29 03:43:52.932 [main] INFO  o.s.i.endpoint.EventDrivenConsumer - stopped bean '_org.springframework.integration.errorLogger'
2025-05-29T03:43:52.933+09:00  WARN 2034148 --- [user-service] [           main] ConfigServletWebServerApplicationContext : Exception encountered during context initialization - cancelling refresh attempt: org.springframework.context.ApplicationContextException: Failed to start bean 'webServerStartStop'
2025-05-29 03:43:52.933 [main] WARN  o.s.b.w.s.c.AnnotationConfigServletWebServerApplicationContext - Exception encountered during context initialization - cancelling refresh attempt: org.springframework.context.ApplicationContextException: Failed to start bean 'webServerStartStop'
2025-05-29T03:43:52.934+09:00  INFO 2034148 --- [user-service] [           main] j.LocalContainerEntityManagerFactoryBean : Closing JPA EntityManagerFactory for persistence unit 'default'
2025-05-29 03:43:52.934 [main] INFO  o.s.o.j.LocalContainerEntityManagerFactoryBean - Closing JPA EntityManagerFactory for persistence unit 'default'
2025-05-29T03:43:52.937+09:00  INFO 2034148 --- [user-service] [           main] com.zaxxer.hikari.HikariDataSource       : HikariPool-1 - Shutdown initiated...
2025-05-29 03:43:52.937 [main] INFO  com.zaxxer.hikari.HikariDataSource - HikariPool-1 - Shutdown initiated...
2025-05-29T03:43:52.938+09:00  INFO 2034148 --- [user-service] [           main] com.zaxxer.hikari.HikariDataSource       : HikariPool-1 - Shutdown completed.
2025-05-29 03:43:52.938 [main] INFO  com.zaxxer.hikari.HikariDataSource - HikariPool-1 - Shutdown completed.
2025-05-29T03:43:52.945+09:00  INFO 2034148 --- [user-service] [           main] .s.b.a.l.ConditionEvaluationReportLogger : 

Error starting ApplicationContext. To display the condition evaluation report re-run your application with 'debug' enabled.
2025-05-29 03:43:52.945 [main] INFO  o.s.b.a.l.ConditionEvaluationReportLogger - 

Error starting ApplicationContext. To display the condition evaluation report re-run your application with 'debug' enabled.
2025-05-29T03:43:52.952+09:00 ERROR 2034148 --- [user-service] [           main] o.s.boot.SpringApplication               : Application run failed

org.springframework.context.ApplicationContextException: Failed to start bean 'webServerStartStop'
	at org.springframework.context.support.DefaultLifecycleProcessor.doStart(DefaultLifecycleProcessor.java:408)
	at org.springframework.context.support.DefaultLifecycleProcessor.doStart(DefaultLifecycleProcessor.java:394)
	at org.springframework.context.support.DefaultLifecycleProcessor$LifecycleGroup.start(DefaultLifecycleProcessor.java:586)
	at java.base/java.lang.Iterable.forEach(Iterable.java:75)
	at org.springframework.context.support.DefaultLifecycleProcessor.startBeans(DefaultLifecycleProcessor.java:364)
	at org.springframework.context.support.DefaultLifecycleProcessor.onRefresh(DefaultLifecycleProcessor.java:310)
	at org.springframework.context.support.AbstractApplicationContext.finishRefresh(AbstractApplicationContext.java:1006)
	at org.springframework.context.support.AbstractApplicationContext.refresh(AbstractApplicationContext.java:630)
	at org.springframework.boot.web.servlet.context.ServletWebServerApplicationContext.refresh(ServletWebServerApplicationContext.java:146)
	at org.springframework.boot.SpringApplication.refresh(SpringApplication.java:753)
	at org.springframework.boot.SpringApplication.refreshContext(SpringApplication.java:439)
	at org.springframework.boot.SpringApplication.run(SpringApplication.java:318)
	at org.springframework.boot.SpringApplication.run(SpringApplication.java:1362)
	at org.springframework.boot.SpringApplication.run(SpringApplication.java:1351)
	at com.restaurant.apps.user.UserApplicationKt.main(UserApplication.kt:60)
Caused by: org.springframework.boot.web.server.WebServerException: Unable to start embedded Tomcat server
	at org.springframework.boot.web.embedded.tomcat.TomcatWebServer.start(TomcatWebServer.java:251)
	at org.springframework.boot.web.servlet.context.WebServerStartStopLifecycle.start(WebServerStartStopLifecycle.java:44)
	at org.springframework.context.support.DefaultLifecycleProcessor.doStart(DefaultLifecycleProcessor.java:405)
	... 14 common frames omitted
Caused by: java.lang.IllegalArgumentException: standardService.connector.startFailed
	at org.apache.catalina.core.StandardService.addConnector(StandardService.java:222)
	at org.springframework.boot.web.embedded.tomcat.TomcatWebServer.addPreviouslyRemovedConnectors(TomcatWebServer.java:310)
	at org.springframework.boot.web.embedded.tomcat.TomcatWebServer.start(TomcatWebServer.java:236)
	... 16 common frames omitted
Caused by: org.apache.catalina.LifecycleException: Protocol handler start failed
	at org.apache.catalina.connector.Connector.startInternal(Connector.java:1082)
	at org.apache.catalina.util.LifecycleBase.start(LifecycleBase.java:164)
	at org.apache.catalina.core.StandardService.addConnector(StandardService.java:219)
	... 18 common frames omitted
Caused by: java.net.BindException: 주소가 이미 사용 중입니다
	at java.base/sun.nio.ch.Net.bind0(Native Method)
	at java.base/sun.nio.ch.Net.bind(Net.java:565)
	at java.base/sun.nio.ch.ServerSocketChannelImpl.netBind(ServerSocketChannelImpl.java:344)
	at java.base/sun.nio.ch.ServerSocketChannelImpl.bind(ServerSocketChannelImpl.java:301)
	at org.apache.tomcat.util.net.NioEndpoint.initServerSocket(NioEndpoint.java:240)
	at org.apache.tomcat.util.net.NioEndpoint.bind(NioEndpoint.java:195)
	at org.apache.tomcat.util.net.AbstractEndpoint.bindWithCleanup(AbstractEndpoint.java:1304)
	at org.apache.tomcat.util.net.AbstractEndpoint.start(AbstractEndpoint.java:1390)
	at org.apache.coyote.AbstractProtocol.start(AbstractProtocol.java:644)
	at org.apache.catalina.connector.Connector.startInternal(Connector.java:1079)
	... 20 common frames omitted

2025-05-29 03:43:52.952 [main] ERROR o.s.boot.SpringApplication - Application run failed
org.springframework.context.ApplicationContextException: Failed to start bean 'webServerStartStop'
	at org.springframework.context.support.DefaultLifecycleProcessor.doStart(DefaultLifecycleProcessor.java:408)
	at org.springframework.context.support.DefaultLifecycleProcessor.doStart(DefaultLifecycleProcessor.java:394)
	at org.springframework.context.support.DefaultLifecycleProcessor$LifecycleGroup.start(DefaultLifecycleProcessor.java:586)
	at java.base/java.lang.Iterable.forEach(Iterable.java:75)
	at org.springframework.context.support.DefaultLifecycleProcessor.startBeans(DefaultLifecycleProcessor.java:364)
	at org.springframework.context.support.DefaultLifecycleProcessor.onRefresh(DefaultLifecycleProcessor.java:310)
	at org.springframework.context.support.AbstractApplicationContext.finishRefresh(AbstractApplicationContext.java:1006)
	at org.springframework.context.support.AbstractApplicationContext.refresh(AbstractApplicationContext.java:630)
	at org.springframework.boot.web.servlet.context.ServletWebServerApplicationContext.refresh(ServletWebServerApplicationContext.java:146)
	at org.springframework.boot.SpringApplication.refresh(SpringApplication.java:753)
	at org.springframework.boot.SpringApplication.refreshContext(SpringApplication.java:439)
	at org.springframework.boot.SpringApplication.run(SpringApplication.java:318)
	at org.springframework.boot.SpringApplication.run(SpringApplication.java:1362)
	at org.springframework.boot.SpringApplication.run(SpringApplication.java:1351)
	at com.restaurant.apps.user.UserApplicationKt.main(UserApplication.kt:60)
Caused by: org.springframework.boot.web.server.WebServerException: Unable to start embedded Tomcat server
	at org.springframework.boot.web.embedded.tomcat.TomcatWebServer.start(TomcatWebServer.java:251)
	at org.springframework.boot.web.servlet.context.WebServerStartStopLifecycle.start(WebServerStartStopLifecycle.java:44)
	at org.springframework.context.support.DefaultLifecycleProcessor.doStart(DefaultLifecycleProcessor.java:405)
	... 14 common frames omitted
Caused by: java.lang.IllegalArgumentException: standardService.connector.startFailed
	at org.apache.catalina.core.StandardService.addConnector(StandardService.java:222)
	at org.springframework.boot.web.embedded.tomcat.TomcatWebServer.addPreviouslyRemovedConnectors(TomcatWebServer.java:310)
	at org.springframework.boot.web.embedded.tomcat.TomcatWebServer.start(TomcatWebServer.java:236)
	... 16 common frames omitted
Caused by: org.apache.catalina.LifecycleException: Protocol handler start failed
	at org.apache.catalina.connector.Connector.startInternal(Connector.java:1082)
	at org.apache.catalina.util.LifecycleBase.start(LifecycleBase.java:164)
	at org.apache.catalina.core.StandardService.addConnector(StandardService.java:219)
	... 18 common frames omitted
Caused by: java.net.BindException: 주소가 이미 사용 중입니다
	at java.base/sun.nio.ch.Net.bind0(Native Method)
	at java.base/sun.nio.ch.Net.bind(Net.java:565)
	at java.base/sun.nio.ch.ServerSocketChannelImpl.netBind(ServerSocketChannelImpl.java:344)
	at java.base/sun.nio.ch.ServerSocketChannelImpl.bind(ServerSocketChannelImpl.java:301)
	at org.apache.tomcat.util.net.NioEndpoint.initServerSocket(NioEndpoint.java:240)
	at org.apache.tomcat.util.net.NioEndpoint.bind(NioEndpoint.java:195)
	at org.apache.tomcat.util.net.AbstractEndpoint.bindWithCleanup(AbstractEndpoint.java:1304)
	at org.apache.tomcat.util.net.AbstractEndpoint.start(AbstractEndpoint.java:1390)
	at org.apache.coyote.AbstractProtocol.start(AbstractProtocol.java:644)
	at org.apache.catalina.connector.Connector.startInternal(Connector.java:1079)
	... 20 common frames omitted

> Task :apps:user-app:bootRun FAILED

[Incubating] Problems report is available at: file:///home/junoko/Code/kotlin-spring-boot-msa/restaurant/build/reports/problems/problems-report.html

FAILURE: Build failed with an exception.

* What went wrong:
Execution failed for task ':apps:user-app:bootRun'.
> Process 'command '/home/junoko/.sdkman/candidates/java/21.0.7-tem/bin/java'' finished with non-zero exit value 1

* Try:
> Run with --stacktrace option to get the stack trace.
> Run with --info or --debug option to get more log output.
> Run with --scan to get full insights.
> Get more help at https://help.gradle.org.

Deprecated Gradle features were used in this build, making it incompatible with Gradle 9.0.

You can use '--warning-mode all' to show the individual deprecation warnings and determine if they come from your own scripts or plugins.

For more on this, please refer to https://docs.gradle.org/8.14/userguide/command_line_interface.html#sec:command_line_warnings in the Gradle documentation.

BUILD FAILED in 6s
28 actionable tasks: 25 executed, 3 up-to-date
